[debug] [2021-08-09T17:22:54.942Z] ----------------------------------------------------------------------
[debug] [2021-08-09T17:22:54.944Z] Command:       /usr/local/bin/node /usr/local/bin/firebase deploy --only functions
[debug] [2021-08-09T17:22:54.945Z] CLI Version:   9.16.0
[debug] [2021-08-09T17:22:54.945Z] Platform:      darwin
[debug] [2021-08-09T17:22:54.945Z] Node Version:  v14.17.4
[debug] [2021-08-09T17:22:54.947Z] Time:          Mon Aug 09 2021 13:22:54 GMT-0400 (Eastern Daylight Time)
[debug] [2021-08-09T17:22:54.947Z] ----------------------------------------------------------------------
[debug] 
[debug] [2021-08-09T17:22:55.018Z] > command requires scopes: ["email","openid","https://www.googleapis.com/auth/cloudplatformprojects.readonly","https://www.googleapis.com/auth/firebase","https://www.googleapis.com/auth/cloud-platform"]
[debug] [2021-08-09T17:22:55.019Z] > authorizing via signed-in user (cvcassano@gmail.com)
[debug] [2021-08-09T17:22:55.019Z] [iam] checking project mintlit for permissions ["cloudfunctions.functions.create","cloudfunctions.functions.delete","cloudfunctions.functions.get","cloudfunctions.functions.list","cloudfunctions.functions.update","cloudfunctions.operations.get","firebase.projects.get"]
[debug] [2021-08-09T17:22:55.022Z] >>> HTTP REQUEST POST https://cloudresourcemanager.googleapis.com/v1/projects/mintlit:testIamPermissions  
 {"permissions":["cloudfunctions.functions.create","cloudfunctions.functions.delete","cloudfunctions.functions.get","cloudfunctions.functions.list","cloudfunctions.functions.update","cloudfunctions.operations.get","firebase.projects.get"]}
[debug] [2021-08-09T17:22:55.346Z] <<< HTTP RESPONSE 200 {"content-type":"application/json; charset=UTF-8","vary":"X-Origin, Referer, Origin,Accept-Encoding","date":"Mon, 09 Aug 2021 17:22:55 GMT","server":"ESF","cache-control":"private","x-xss-protection":"0","x-frame-options":"SAMEORIGIN","x-content-type-options":"nosniff","server-timing":"gfet4t7; dur=96","alt-svc":"h3=\":443\"; ma=2592000,h3-29=\":443\"; ma=2592000,h3-T051=\":443\"; ma=2592000,h3-Q050=\":443\"; ma=2592000,h3-Q046=\":443\"; ma=2592000,h3-Q043=\":443\"; ma=2592000,quic=\":443\"; ma=2592000; v=\"46,43\"","accept-ranges":"none","transfer-encoding":"chunked"}
[debug] [2021-08-09T17:22:55.348Z] >>> HTTP REQUEST POST https://iam.googleapis.com/v1/projects/mintlit/serviceAccounts/mintlit@appspot.gserviceaccount.com:testIamPermissions  
 {"permissions":["iam.serviceAccounts.actAs"]}
[debug] [2021-08-09T17:22:55.665Z] <<< HTTP RESPONSE 200 {"content-type":"application/json; charset=UTF-8","vary":"X-Origin, Referer, Origin,Accept-Encoding","date":"Mon, 09 Aug 2021 17:22:55 GMT","server":"ESF","cache-control":"private","x-xss-protection":"0","x-frame-options":"SAMEORIGIN","x-content-type-options":"nosniff","alt-svc":"h3=\":443\"; ma=2592000,h3-29=\":443\"; ma=2592000,h3-T051=\":443\"; ma=2592000,h3-Q050=\":443\"; ma=2592000,h3-Q046=\":443\"; ma=2592000,h3-Q043=\":443\"; ma=2592000,quic=\":443\"; ma=2592000; v=\"46,43\"","accept-ranges":"none","transfer-encoding":"chunked"}
[info] 
[info] === Deploying to 'mintlit'...
[info] 
[info] i  deploying functions 
[debug] [2021-08-09T17:22:55.671Z] Validating nodejs source
[warn] ⚠  functions: package.json indicates an outdated version of firebase-functions.
Please upgrade using npm install --save firebase-functions@latest in your functions directory. 
[debug] [2021-08-09T17:22:58.743Z] > [functions] package.json contents: {
  "name": "functions",
  "description": "Cloud Functions for Firebase",
  "scripts": {
    "lint": "eslint .",
    "serve": "firebase emulators:start --only functions",
    "shell": "firebase functions:shell",
    "start": "npm run shell",
    "deploy": "firebase deploy --only functions",
    "logs": "firebase functions:log"
  },
  "engines": {
    "node": "12"
  },
  "main": "index.js",
  "dependencies": {
    "@bugsnag/js": "^7.9.2",
    "eth-sig-util": "^3.0.1",
    "firebase-admin": "^9.2.0",
    "firebase-functions": "^3.11.0",
    "uuid-v4": "^0.1.0"
  },
  "devDependencies": {
    "eslint": "^7.6.0",
    "eslint-config-google": "^0.14.0",
    "firebase-functions-test": "^0.2.0"
  },
  "private": true
}
[debug] [2021-08-09T17:22:58.744Z] Building nodejs source
[info] i  functions: ensuring required API cloudfunctions.googleapis.com is enabled... 
[info] i  functions: ensuring required API cloudbuild.googleapis.com is enabled... 
[debug] [2021-08-09T17:22:58.746Z] >>> HTTP REQUEST GET https://serviceusage.googleapis.com/v1/projects/mintlit/services/cloudfunctions.googleapis.com  
 
[debug] [2021-08-09T17:22:58.747Z] >>> HTTP REQUEST GET https://serviceusage.googleapis.com/v1/projects/mintlit/services/runtimeconfig.googleapis.com  
 
[debug] [2021-08-09T17:22:58.747Z] >>> HTTP REQUEST GET https://serviceusage.googleapis.com/v1/projects/mintlit/services/cloudbuild.googleapis.com  
 
[debug] [2021-08-09T17:22:59.300Z] <<< HTTP RESPONSE 200 {"content-type":"application/json; charset=UTF-8","vary":"X-Origin, Referer, Origin,Accept-Encoding","date":"Mon, 09 Aug 2021 17:22:59 GMT","server":"ESF","cache-control":"private","x-xss-protection":"0","x-frame-options":"SAMEORIGIN","x-content-type-options":"nosniff","alt-svc":"h3=\":443\"; ma=2592000,h3-29=\":443\"; ma=2592000,h3-T051=\":443\"; ma=2592000,h3-Q050=\":443\"; ma=2592000,h3-Q046=\":443\"; ma=2592000,h3-Q043=\":443\"; ma=2592000,quic=\":443\"; ma=2592000; v=\"46,43\"","accept-ranges":"none","transfer-encoding":"chunked"}
[debug] [2021-08-09T17:22:59.390Z] <<< HTTP RESPONSE 200 {"content-type":"application/json; charset=UTF-8","vary":"X-Origin, Referer, Origin,Accept-Encoding","date":"Mon, 09 Aug 2021 17:22:59 GMT","server":"ESF","cache-control":"private","x-xss-protection":"0","x-frame-options":"SAMEORIGIN","x-content-type-options":"nosniff","alt-svc":"h3=\":443\"; ma=2592000,h3-29=\":443\"; ma=2592000,h3-T051=\":443\"; ma=2592000,h3-Q050=\":443\"; ma=2592000,h3-Q046=\":443\"; ma=2592000,h3-Q043=\":443\"; ma=2592000,quic=\":443\"; ma=2592000; v=\"46,43\"","accept-ranges":"none","transfer-encoding":"chunked"}
[info] ✔  functions: required API cloudbuild.googleapis.com is enabled 
[debug] [2021-08-09T17:22:59.393Z] <<< HTTP RESPONSE 200 {"content-type":"application/json; charset=UTF-8","vary":"X-Origin, Referer, Origin,Accept-Encoding","date":"Mon, 09 Aug 2021 17:22:59 GMT","server":"ESF","cache-control":"private","x-xss-protection":"0","x-frame-options":"SAMEORIGIN","x-content-type-options":"nosniff","alt-svc":"h3=\":443\"; ma=2592000,h3-29=\":443\"; ma=2592000,h3-T051=\":443\"; ma=2592000,h3-Q050=\":443\"; ma=2592000,h3-Q046=\":443\"; ma=2592000,h3-Q043=\":443\"; ma=2592000,quic=\":443\"; ma=2592000; v=\"46,43\"","accept-ranges":"none","transfer-encoding":"chunked"}
[info] ✔  functions: required API cloudfunctions.googleapis.com is enabled 
[debug] [2021-08-09T17:22:59.394Z] >>> HTTP REQUEST GET https://firebase.googleapis.com/v1beta1/projects/mintlit/adminSdkConfig  
 
[debug] [2021-08-09T17:22:59.680Z] <<< HTTP RESPONSE 200 {"content-type":"application/json; charset=UTF-8","vary":"X-Origin, Referer, Origin,Accept-Encoding","date":"Mon, 09 Aug 2021 17:22:59 GMT","server":"ESF","cache-control":"private","x-xss-protection":"0","x-frame-options":"SAMEORIGIN","x-content-type-options":"nosniff","alt-svc":"h3=\":443\"; ma=2592000,h3-29=\":443\"; ma=2592000,h3-T051=\":443\"; ma=2592000,h3-Q050=\":443\"; ma=2592000,h3-Q046=\":443\"; ma=2592000,h3-Q043=\":443\"; ma=2592000,quic=\":443\"; ma=2592000; v=\"46,43\"","accept-ranges":"none","transfer-encoding":"chunked"}
[debug] [2021-08-09T17:22:59.681Z] >>> HTTP REQUEST GET https://runtimeconfig.googleapis.com/v1beta1/projects/mintlit/configs  
 
[debug] [2021-08-09T17:23:00.046Z] <<< HTTP RESPONSE 200 {"content-type":"application/json; charset=UTF-8","vary":"X-Origin, Referer, Origin,Accept-Encoding","date":"Mon, 09 Aug 2021 17:23:00 GMT","server":"ESF","cache-control":"private","x-xss-protection":"0","x-frame-options":"SAMEORIGIN","x-content-type-options":"nosniff","alt-svc":"h3=\":443\"; ma=2592000,h3-29=\":443\"; ma=2592000,h3-T051=\":443\"; ma=2592000,h3-Q050=\":443\"; ma=2592000,h3-Q046=\":443\"; ma=2592000,h3-Q043=\":443\"; ma=2592000,quic=\":443\"; ma=2592000; v=\"46,43\"","accept-ranges":"none","transfer-encoding":"chunked"}
[debug] [2021-08-09T17:23:00.047Z] Analyzing nodejs backend spec
[info] i  functions: preparing functions directory for uploading... 
[info] i  functions: packaged functions (83.58 KB) for uploading 
[debug] [2021-08-09T17:23:01.040Z] >>> HTTP REQUEST GET https://cloudfunctions.googleapis.com/v1/projects/mintlit/locations/-/functions  
 
[debug] [2021-08-09T17:23:01.747Z] <<< HTTP RESPONSE 200 {"content-type":"application/json; charset=UTF-8","vary":"X-Origin, Referer, Origin,Accept-Encoding","date":"Mon, 09 Aug 2021 17:23:01 GMT","server":"ESF","cache-control":"private","x-xss-protection":"0","x-frame-options":"SAMEORIGIN","x-content-type-options":"nosniff","alt-svc":"h3=\":443\"; ma=2592000,h3-29=\":443\"; ma=2592000,h3-T051=\":443\"; ma=2592000,h3-Q050=\":443\"; ma=2592000,h3-Q046=\":443\"; ma=2592000,h3-Q043=\":443\"; ma=2592000,quic=\":443\"; ma=2592000; v=\"46,43\"","accept-ranges":"none","transfer-encoding":"chunked"}
[debug] [2021-08-09T17:23:01.750Z] >>> HTTP REQUEST POST https://cloudfunctions.googleapis.com/v1/projects/mintlit/locations/us-central1/functions:generateUploadUrl  
 
[debug] [2021-08-09T17:23:02.542Z] <<< HTTP RESPONSE 200 {"content-type":"application/json; charset=UTF-8","vary":"X-Origin, Referer, Origin,Accept-Encoding","date":"Mon, 09 Aug 2021 17:23:02 GMT","server":"ESF","cache-control":"private","x-xss-protection":"0","x-frame-options":"SAMEORIGIN","x-content-type-options":"nosniff","alt-svc":"h3=\":443\"; ma=2592000,h3-29=\":443\"; ma=2592000,h3-T051=\":443\"; ma=2592000,h3-Q050=\":443\"; ma=2592000,h3-Q046=\":443\"; ma=2592000,h3-Q043=\":443\"; ma=2592000,quic=\":443\"; ma=2592000; v=\"46,43\"","accept-ranges":"none","transfer-encoding":"chunked"}
[debug] [2021-08-09T17:23:02.543Z] >>> HTTP REQUEST PUT https://storage.googleapis.com/gcf-upload-us-central1-bfd6cb3a-0ad8-4639-a6a6-9c4df199d1d1/c59ff232-ab05-4cd2-a312-7b52cf42f1c0.zip?GoogleAccessId=service-1044454922569@gcf-admin-robot.iam.gserviceaccount.com&Expires=1628531582&Signature=FiDV%2BnPfqFcHLXkxefkBBemHBdnQs%2BnW6l1xK0TU9gf1ztDQjjakKG414Y9tFBa%2FkuKibTCkqyr0uqftoBOiPNGgN0XMQb9gB1oFK0l%2FsUarQfMUM3PVVWdcWYlOa4jPaMJEqvoRo0mw5e1ges0r3ZgJ35FfCQs%2BC8VuUZHIYhzB2DLRJmvnbrgBzErcPKvKD%2FStYKzviX7qIFMLaOUWn5b85y5bM%2F2QMuHxyc6XZXW2nfDIGPmOnsKigTxNsgQid3JyeWwb6tyErTFCmgL%2FciVYuWdaCkTTYcm5OAyJ%2BDeoN5MLjBGZUssNJV%2FLOI17KJ1KWPQYevfgUMkaJe9fHA%3D%3D  
 <request body omitted>
